This is pdfTeX, Version 3.14159265-2.6-1.40.18 (MiKTeX 2.9.6350 64-bit) (preloaded format=pdflatex 2019.3.22)  23 MAR 2019 18:30
entering extended mode
**"./DNA Mapping Report.tex"
("DNA Mapping Report.tex"
LaTeX2e <2017-04-15>
Babel <3.10> and hyphenation patterns for 75 language(s) loaded.
(D:\InactiveApplication\LaTeX2\tex\latex\base\article.cls
Document Class: article 2014/09/29 v1.4h Standard LaTeX document class
(D:\InactiveApplication\LaTeX2\tex\latex\base\size10.clo
File: size10.clo 2014/09/29 v1.4h Standard LaTeX file (size option)
)
\c@part=\count79
\c@section=\count80
\c@subsection=\count81
\c@subsubsection=\count82
\c@paragraph=\count83
\c@subparagraph=\count84
\c@figure=\count85
\c@table=\count86
\abovecaptionskip=\skip41
\belowcaptionskip=\skip42
\bibindent=\dimen102
)
(D:\InactiveApplication\LaTeX2\tex\latex\geometry\geometry.sty
Package: geometry 2010/09/12 v5.6 Page Geometry

(D:\InactiveApplication\LaTeX2\tex\latex\graphics\keyval.sty
Package: keyval 2014/10/28 v1.15 key=value parser (DPC)
\KV@toks@=\toks14
)
(D:\InactiveApplication\LaTeX2\tex\generic\oberdiek\ifpdf.sty
Package: ifpdf 2017/03/15 v3.2 Provides the ifpdf switch
)
(D:\InactiveApplication\LaTeX2\tex\generic\oberdiek\ifvtex.sty
Package: ifvtex 2016/05/16 v1.6 Detect VTeX and its facilities (HO)
Package ifvtex Info: VTeX not detected.
)
(D:\InactiveApplication\LaTeX2\tex\generic\ifxetex\ifxetex.sty
Package: ifxetex 2010/09/12 v0.6 Provides ifxetex conditional
)
\Gm@cnth=\count87
\Gm@cntv=\count88
\c@Gm@tempcnt=\count89
\Gm@bindingoffset=\dimen103
\Gm@wd@mp=\dimen104
\Gm@odd@mp=\dimen105
\Gm@even@mp=\dimen106
\Gm@layoutwidth=\dimen107
\Gm@layoutheight=\dimen108
\Gm@layouthoffset=\dimen109
\Gm@layoutvoffset=\dimen110
\Gm@dimlist=\toks15

(D:\InactiveApplication\LaTeX2\tex\latex\geometry\geometry.cfg))
(D:\InactiveApplication\LaTeX2\tex\latex\graphics\graphicx.sty
Package: graphicx 2014/10/28 v1.0g Enhanced LaTeX Graphics (DPC,SPQR)

(D:\InactiveApplication\LaTeX2\tex\latex\graphics\graphics.sty
Package: graphics 2017/04/14 v1.1b Standard LaTeX Graphics (DPC,SPQR)

(D:\InactiveApplication\LaTeX2\tex\latex\graphics\trig.sty
Package: trig 2016/01/03 v1.10 sin cos tan (DPC)
)
(D:\InactiveApplication\LaTeX2\tex\latex\graphics-cfg\graphics.cfg
File: graphics.cfg 2016/06/04 v1.11 sample graphics configuration
)
Package graphics Info: Driver file: pdftex.def on input line 99.

(D:\InactiveApplication\LaTeX2\tex\latex\graphics-def\pdftex.def
File: pdftex.def 2017/01/12 v0.06k Graphics/color for pdfTeX

(D:\InactiveApplication\LaTeX2\tex\generic\oberdiek\infwarerr.sty
Package: infwarerr 2016/05/16 v1.4 Providing info/warning/error messages (HO)
)
(D:\InactiveApplication\LaTeX2\tex\generic\oberdiek\ltxcmds.sty
Package: ltxcmds 2016/05/16 v1.23 LaTeX kernel commands for general use (HO)
)
\Gread@gobject=\count90
))
\Gin@req@height=\dimen111
\Gin@req@width=\dimen112
)
(D:\InactiveApplication\LaTeX2\tex\latex\float\float.sty
Package: float 2001/11/08 v1.3d Float enhancements (AL)
\c@float@type=\count91
\float@exts=\toks16
\float@box=\box26
\@float@everytoks=\toks17
\@floatcapt=\box27
)
(D:\InactiveApplication\LaTeX2\tex\latex\subfigure\subfigure.sty
Package: subfigure 2002/07/30 v2.1.4 subfigure package
\subfigtopskip=\skip43
\subfigcapskip=\skip44
\subfigcaptopadj=\dimen113
\subfigbottomskip=\skip45
\subfigcapmargin=\dimen114
\subfiglabelskip=\skip46
\c@subfigure=\count92
\c@lofdepth=\count93
\c@subtable=\count94
\c@lotdepth=\count95

****************************************
* Local config file subfigure.cfg used *
****************************************
(D:\InactiveApplication\LaTeX2\tex\latex\subfigure\subfigure.cfg)
\subfig@top=\skip47
\subfig@bottom=\skip48
)
(D:\InactiveApplication\LaTeX2\tex\latex\amsmath\amsmath.sty
Package: amsmath 2016/11/05 v2.16a AMS math features
\@mathmargin=\skip49

For additional information on amsmath, use the `?' option.
(D:\InactiveApplication\LaTeX2\tex\latex\amsmath\amstext.sty
Package: amstext 2000/06/29 v2.01 AMS text

(D:\InactiveApplication\LaTeX2\tex\latex\amsmath\amsgen.sty
File: amsgen.sty 1999/11/30 v2.0 generic functions
\@emptytoks=\toks18
\ex@=\dimen115
))
(D:\InactiveApplication\LaTeX2\tex\latex\amsmath\amsbsy.sty
Package: amsbsy 1999/11/29 v1.2d Bold Symbols
\pmbraise@=\dimen116
)
(D:\InactiveApplication\LaTeX2\tex\latex\amsmath\amsopn.sty
Package: amsopn 2016/03/08 v2.02 operator names
)
\inf@bad=\count96
LaTeX Info: Redefining \frac on input line 213.
\uproot@=\count97
\leftroot@=\count98
LaTeX Info: Redefining \overline on input line 375.
\classnum@=\count99
\DOTSCASE@=\count100
LaTeX Info: Redefining \ldots on input line 472.
LaTeX Info: Redefining \dots on input line 475.
LaTeX Info: Redefining \cdots on input line 596.
\Mathstrutbox@=\box28
\strutbox@=\box29
\big@size=\dimen117
LaTeX Font Info:    Redeclaring font encoding OML on input line 712.
LaTeX Font Info:    Redeclaring font encoding OMS on input line 713.
\macc@depth=\count101
\c@MaxMatrixCols=\count102
\dotsspace@=\muskip10
\c@parentequation=\count103
\dspbrk@lvl=\count104
\tag@help=\toks19
\row@=\count105
\column@=\count106
\maxfields@=\count107
\andhelp@=\toks20
\eqnshift@=\dimen118
\alignsep@=\dimen119
\tagshift@=\dimen120
\tagwidth@=\dimen121
\totwidth@=\dimen122
\lineht@=\dimen123
\@envbody=\toks21
\multlinegap=\skip50
\multlinetaggap=\skip51
\mathdisplay@stack=\toks22
LaTeX Info: Redefining \[ on input line 2817.
LaTeX Info: Redefining \] on input line 2818.
)
(D:\InactiveApplication\LaTeX2\tex\latex\tools\bm.sty
Package: bm 2017/01/16 v1.2c Bold Symbol Support (DPC/FMi)
\symboldoperators=\mathgroup4
\symboldletters=\mathgroup5
\symboldsymbols=\mathgroup6
LaTeX Font Info:    Redeclaring math alphabet \mathbf on input line 141.
LaTeX Info: Redefining \bm on input line 207.
)
(D:\InactiveApplication\LaTeX2\tex\latex\threeparttable\threeparttable.sty
Package: threeparttable 2003/06/13  v 3.0
\@tempboxb=\box30
)
(D:\InactiveApplication\LaTeX2\tex\latex\footmisc\footmisc.sty
Package: footmisc 2011/06/06 v5.5b a miscellany of footnote facilities
\FN@temptoken=\toks23
\footnotemargin=\dimen124
\c@pp@next@reset=\count108
Package footmisc Info: Declaring symbol style bringhurst on input line 855.
Package footmisc Info: Declaring symbol style chicago on input line 863.
Package footmisc Info: Declaring symbol style wiley on input line 872.
Package footmisc Info: Declaring symbol style lamport-robust on input line 883.

Package footmisc Info: Declaring symbol style lamport* on input line 903.
Package footmisc Info: Declaring symbol style lamport*-robust on input line 924
.
)
("DNA Mapping Report.aux")
\openout1 = `"DNA Mapping Report.aux"'.

LaTeX Font Info:    Checking defaults for OML/cmm/m/it on input line 10.
LaTeX Font Info:    ... okay on input line 10.
LaTeX Font Info:    Checking defaults for T1/cmr/m/n on input line 10.
LaTeX Font Info:    ... okay on input line 10.
LaTeX Font Info:    Checking defaults for OT1/cmr/m/n on input line 10.
LaTeX Font Info:    ... okay on input line 10.
LaTeX Font Info:    Checking defaults for OMS/cmsy/m/n on input line 10.
LaTeX Font Info:    ... okay on input line 10.
LaTeX Font Info:    Checking defaults for OMX/cmex/m/n on input line 10.
LaTeX Font Info:    ... okay on input line 10.
LaTeX Font Info:    Checking defaults for U/cmr/m/n on input line 10.
LaTeX Font Info:    ... okay on input line 10.

*geometry* driver: auto-detecting
*geometry* detected driver: pdftex
*geometry* verbose mode - [ preamble ] result:
* driver: pdftex
* paper: a4paper
* layout: <same size as paper>
* layoutoffset:(h,v)=(0.0pt,0.0pt)
* modes: 
* h-part:(L,W,R)=(59.74988pt, 478.00812pt, 59.74988pt)
* v-part:(T,H,B)=(67.60269pt, 676.04005pt, 101.4041pt)
* \paperwidth=597.50787pt
* \paperheight=845.04684pt
* \textwidth=478.00812pt
* \textheight=676.04005pt
* \oddsidemargin=-12.52011pt
* \evensidemargin=-12.52011pt
* \topmargin=-41.6673pt
* \headheight=12.0pt
* \headsep=25.0pt
* \topskip=10.0pt
* \footskip=30.0pt
* \marginparwidth=65.0pt
* \marginparsep=11.0pt
* \columnsep=10.0pt
* \skip\footins=9.0pt plus 4.0pt minus 2.0pt
* \hoffset=0.0pt
* \voffset=0.0pt
* \mag=1000
* \@twocolumnfalse
* \@twosidefalse
* \@mparswitchfalse
* \@reversemarginfalse
* (1in=72.27pt=25.4mm, 1cm=28.453pt)

(D:\InactiveApplication\LaTeX2\tex\context\base\supp-pdf.mkii
[Loading MPS to PDF converter (version 2006.09.02).]
\scratchcounter=\count109
\scratchdimen=\dimen125
\scratchbox=\box31
\nofMPsegments=\count110
\nofMParguments=\count111
\everyMPshowfont=\toks24
\MPscratchCnt=\count112
\MPscratchDim=\dimen126
\MPnumerator=\count113
\makeMPintoPDFobject=\count114
\everyMPtoPDFconversion=\toks25
) (D:\InactiveApplication\LaTeX2\tex\generic\oberdiek\pdftexcmds.sty
Package: pdftexcmds 2017/03/19 v0.25 Utility functions of pdfTeX for LuaTeX (HO
)

(D:\InactiveApplication\LaTeX2\tex\generic\oberdiek\ifluatex.sty
Package: ifluatex 2016/05/16 v1.4 Provides the ifluatex switch (HO)
Package ifluatex Info: LuaTeX not detected.
)
Package pdftexcmds Info: LuaTeX not detected.
Package pdftexcmds Info: \pdf@primitive is available.
Package pdftexcmds Info: \pdf@ifprimitive is available.
Package pdftexcmds Info: \pdfdraftmode found.
)
(D:\InactiveApplication\LaTeX2\tex\latex\oberdiek\epstopdf-base.sty
Package: epstopdf-base 2016/05/15 v2.6 Base part for package epstopdf

(D:\InactiveApplication\LaTeX2\tex\latex\oberdiek\grfext.sty
Package: grfext 2016/05/16 v1.2 Manage graphics extensions (HO)

(D:\InactiveApplication\LaTeX2\tex\generic\oberdiek\kvdefinekeys.sty
Package: kvdefinekeys 2016/05/16 v1.4 Define keys (HO)
))
(D:\InactiveApplication\LaTeX2\tex\latex\oberdiek\kvoptions.sty
Package: kvoptions 2016/05/16 v3.12 Key value format for package options (HO)

(D:\InactiveApplication\LaTeX2\tex\generic\oberdiek\kvsetkeys.sty
Package: kvsetkeys 2016/05/16 v1.17 Key value parser (HO)

(D:\InactiveApplication\LaTeX2\tex\generic\oberdiek\etexcmds.sty
Package: etexcmds 2016/05/16 v1.6 Avoid name clashes with e-TeX commands (HO)
Package etexcmds Info: Could not find \expanded.
(etexcmds)             That can mean that you are not using pdfTeX 1.50 or
(etexcmds)             that some package has redefined \expanded.
(etexcmds)             In the latter case, load this package earlier.
)))
Package epstopdf-base Info: Redefining graphics rule for `.eps' on input line 4
38.
Package grfext Info: Graphics extension search list:
(grfext)             [.png,.pdf,.jpg,.mps,.jpeg,.jbig2,.jb2,.PNG,.PDF,.JPG,.JPE
G,.JBIG2,.JB2,.eps]
(grfext)             \AppendGraphicsExtensions on input line 456.
) [0

{C:/ProgramData/MiKTeX/2.9/pdftex/config/pdftex.map}]
<../Data/xun_and_sam.png, id=7, 508.14844pt x 607.14328pt>
File: ../Data/xun_and_sam.png Graphic file (type png)

<use ../Data/xun_and_sam.png>
Package pdftex.def Info: ../Data/xun_and_sam.png used on input line 32.
(pdftex.def)             Requested size: 239.00406pt x 285.56119pt.
 [1 <../Data/xun_and_sam.png (PNG copy)>]
<../Data/raw_point.png, id=21, 505.89pt x 505.89pt>
File: ../Data/raw_point.png Graphic file (type png)

<use ../Data/raw_point.png>
Package pdftex.def Info: ../Data/raw_point.png used on input line 67.
(pdftex.def)             Requested size: 239.00406pt x 239.0034pt.

<../Data/raw_points_line.png, id=22, 505.6491pt x 505.6491pt>
File: ../Data/raw_points_line.png Graphic file (type png)

<use ../Data/raw_points_line.png>
Package pdftex.def Info: ../Data/raw_points_line.png used on input line 79.
(pdftex.def)             Requested size: 239.00406pt x 239.00533pt.
 [2 <../Data/raw_point.png>]
<../Data/discard_1.png, id=29, 505.6491pt x 505.6491pt>
File: ../Data/discard_1.png Graphic file (type png)

<use ../Data/discard_1.png>
Package pdftex.def Info: ../Data/discard_1.png used on input line 142.
(pdftex.def)             Requested size: 191.20396pt x 191.19963pt.

<../Data/discard_2.png, id=30, 505.6491pt x 505.6491pt>
File: ../Data/discard_2.png Graphic file (type png)

<use ../Data/discard_2.png>
Package pdftex.def Info: ../Data/discard_2.png used on input line 148.
(pdftex.def)             Requested size: 191.20396pt x 191.19963pt.

<../Data/discard_3.png, id=31, 505.6491pt x 505.6491pt>
File: ../Data/discard_3.png Graphic file (type png)

<use ../Data/discard_3.png>
Package pdftex.def Info: ../Data/discard_3.png used on input line 154.
(pdftex.def)             Requested size: 191.20396pt x 191.19963pt.

<../Data/discard_4.png, id=32, 505.6491pt x 505.6491pt>
File: ../Data/discard_4.png Graphic file (type png)

<use ../Data/discard_4.png>
Package pdftex.def Info: ../Data/discard_4.png used on input line 160.
(pdftex.def)             Requested size: 191.20396pt x 191.19963pt.

Overfull \hbox (2.22221pt too wide) in paragraph at lines 140--164
[][] []
 []


Overfull \hbox (2.22221pt too wide) in paragraph at lines 140--164
[] [] 
 []

[3 <../Data/raw_points_line.png>]
<../Data/xun_and_sam_label.png, id=37, 508.14844pt x 607.14328pt>
File: ../Data/xun_and_sam_label.png Graphic file (type png)

<use ../Data/xun_and_sam_label.png>
Package pdftex.def Info: ../Data/xun_and_sam_label.png used on input line 184.
(pdftex.def)             Requested size: 239.00406pt x 285.56119pt.
 [4 <../Data/discard_1.png> <../Data/discard_2.png> <../Data/discard_3.png> <..
/Data/discard_4.png>]
<../Data/Plasmid/single.png, id=45, 3496.06125pt x 1165.35374pt>
File: ../Data/Plasmid/single.png Graphic file (type png)

<use ../Data/Plasmid/single.png>
Package pdftex.def Info: ../Data/Plasmid/single.png used on input line 192.
(pdftex.def)             Requested size: 430.20438pt x 143.39278pt.
 [5 <../Data/xun_and_sam_label.png (PNG copy)> <../Data/Plasmid/single.png>]
<../Data/Plasmid/III.png, id=51, 1258.7025pt x 1258.7025pt>
File: ../Data/Plasmid/III.png Graphic file (type png)

<use ../Data/Plasmid/III.png>
Package pdftex.def Info: ../Data/Plasmid/III.png used on input line 216.
(pdftex.def)             Requested size: 191.20032pt x 191.198pt.
 [6 <../Data/Plasmid/III.png>] [7]
("DNA Mapping Report.aux") ) 
Here is how much of TeX's memory you used:
 3132 strings out of 493323
 43432 string characters out of 3138230
 119455 words of memory out of 3000000
 6600 multiletter control sequences out of 15000+200000
 15200 words of font info for 53 fonts, out of 3000000 for 9000
 1141 hyphenation exceptions out of 8191
 39i,15n,27p,838b,310s stack positions out of 5000i,500n,10000p,200000b,50000s
<D:/InactiveApplication/LaTeX2/fonts/type1/public/a
msfonts/cm/cmbx10.pfb><D:/InactiveApplication/LaTeX2/fonts/type1/public/amsfont
s/cm/cmbx12.pfb><D:/InactiveApplication/LaTeX2/fonts/type1/public/amsfonts/cm/c
mbx9.pfb><D:/InactiveApplication/LaTeX2/fonts/type1/public/amsfonts/cm/cmmi10.p
fb><D:/InactiveApplication/LaTeX2/fonts/type1/public/amsfonts/cm/cmmib10.pfb><D
:/InactiveApplication/LaTeX2/fonts/type1/public/amsfonts/cm/cmr10.pfb><D:/Inact
iveApplication/LaTeX2/fonts/type1/public/amsfonts/cm/cmr12.pfb><D:/InactiveAppl
ication/LaTeX2/fonts/type1/public/amsfonts/cm/cmr6.pfb><D:/InactiveApplication/
LaTeX2/fonts/type1/public/amsfonts/cm/cmr7.pfb><D:/InactiveApplication/LaTeX2/f
onts/type1/public/amsfonts/cm/cmr8.pfb><D:/InactiveApplication/LaTeX2/fonts/typ
e1/public/amsfonts/cm/cmr9.pfb><D:/InactiveApplication/LaTeX2/fonts/type1/publi
c/amsfonts/cm/cmsy10.pfb><D:/InactiveApplication/LaTeX2/fonts/type1/public/amsf
onts/cm/cmsy7.pfb><D:/InactiveApplication/LaTeX2/fonts/type1/public/amsfonts/cm
/cmti8.pfb>
Output written on "DNA Mapping Report.pdf" (8 pages, 3238998 bytes).
PDF statistics:
 104 PDF objects out of 1000 (max. 8388607)
 0 named destinations out of 1000 (max. 500000)
 51 words of extra memory for PDF output out of 10000 (max. 10000000)

